2018-04-23 15:35:38,445 INFO (StartupInfoLogger.java:50)- Starting RoadApplication on DESKTOP-5ITJ2K7 with PID 7800 (started by jinqiang in C:\新建文件夹\road_lamp\road)
2018-04-23 15:35:38,448 INFO (SpringApplication.java:659)- No active profile set, falling back to default profiles: default
2018-04-23 15:35:40,636 INFO (StartupInfoLogger.java:59)- Started RoadApplication in 2.457 seconds (JVM running for 3.735)
2018-04-23 15:35:56,147 INFO (StartupInfoLogger.java:50)- Starting RoadApplication on DESKTOP-5ITJ2K7 with PID 5760 (started by jinqiang in C:\新建文件夹\road_lamp\road)
2018-04-23 15:35:56,149 INFO (SpringApplication.java:659)- No active profile set, falling back to default profiles: default
2018-04-23 15:40:12,108 INFO (StartupInfoLogger.java:50)- Starting RoadApplication on DESKTOP-5ITJ2K7 with PID 14224 (started by jinqiang in C:\新建文件夹\road_lamp\road)
2018-04-23 15:40:12,116 INFO (SpringApplication.java:659)- No active profile set, falling back to default profiles: default
2018-04-23 15:40:13,849 INFO (StartupInfoLogger.java:59)- Started RoadApplication in 1.973 seconds (JVM running for 2.368)
2018-04-23 15:41:06,641 INFO (StartupInfoLogger.java:50)- Starting RoadApplication on DESKTOP-5ITJ2K7 with PID 6396 (started by jinqiang in C:\新建文件夹\road_lamp\road)
2018-04-23 15:41:06,644 DEBUG (StartupInfoLogger.java:53)- Running with Spring Boot v2.0.1.RELEASE, Spring v5.0.5.RELEASE
2018-04-23 15:41:06,645 INFO (SpringApplication.java:659)- No active profile set, falling back to default profiles: default
2018-04-23 15:41:08,368 INFO (StartupInfoLogger.java:59)- Started RoadApplication in 1.948 seconds (JVM running for 2.345)
2018-04-23 15:42:24,120 INFO (StartupInfoLogger.java:50)- Starting RoadApplication on DESKTOP-5ITJ2K7 with PID 15644 (started by jinqiang in C:\新建文件夹\road_lamp\road)
2018-04-23 15:42:24,122 DEBUG (StartupInfoLogger.java:53)- Running with Spring Boot v2.0.1.RELEASE, Spring v5.0.5.RELEASE
2018-04-23 15:42:24,123 INFO (SpringApplication.java:659)- No active profile set, falling back to default profiles: default
2018-04-23 15:42:25,784 INFO (StartupInfoLogger.java:59)- Started RoadApplication in 1.865 seconds (JVM running for 2.254)
2018-04-23 15:43:13,510 INFO (StartupInfoLogger.java:50)- Starting RoadApplication on DESKTOP-5ITJ2K7 with PID 14204 (started by jinqiang in C:\新建文件夹\road_lamp\road)
2018-04-23 15:43:13,513 DEBUG (StartupInfoLogger.java:53)- Running with Spring Boot v2.0.1.RELEASE, Spring v5.0.5.RELEASE
2018-04-23 15:43:13,514 INFO (SpringApplication.java:659)- No active profile set, falling back to default profiles: default
2018-04-23 15:43:15,261 INFO (StartupInfoLogger.java:59)- Started RoadApplication in 1.968 seconds (JVM running for 2.358)
2018-04-23 15:48:22,810 INFO (StartupInfoLogger.java:50)- Starting RoadApplication on DESKTOP-5ITJ2K7 with PID 15692 (started by jinqiang in C:\新建文件夹\road_lamp\road)
2018-04-23 15:48:22,813 DEBUG (StartupInfoLogger.java:53)- Running with Spring Boot v2.0.1.RELEASE, Spring v5.0.5.RELEASE
2018-04-23 15:48:22,814 INFO (SpringApplication.java:659)- No active profile set, falling back to default profiles: default
2018-04-23 15:48:24,535 INFO (StartupInfoLogger.java:59)- Started RoadApplication in 1.943 seconds (JVM running for 2.334)
2018-04-23 15:52:41,313 INFO (StartupInfoLogger.java:50)- Starting RoadApplication on DESKTOP-5ITJ2K7 with PID 5480 (started by jinqiang in C:\新建文件夹\road_lamp\road)
2018-04-23 15:52:41,316 DEBUG (StartupInfoLogger.java:53)- Running with Spring Boot v2.0.1.RELEASE, Spring v5.0.5.RELEASE
2018-04-23 15:52:41,318 INFO (SpringApplication.java:659)- No active profile set, falling back to default profiles: default
2018-04-23 15:52:43,103 INFO (StartupInfoLogger.java:59)- Started RoadApplication in 2.006 seconds (JVM running for 2.458)
2018-04-23 15:55:41,184 INFO (StartupInfoLogger.java:50)- Starting RoadApplication on DESKTOP-5ITJ2K7 with PID 900 (started by jinqiang in C:\新建文件夹\road_lamp\road)
2018-04-23 15:55:41,186 DEBUG (StartupInfoLogger.java:53)- Running with Spring Boot v2.0.1.RELEASE, Spring v5.0.5.RELEASE
2018-04-23 15:55:41,187 INFO (SpringApplication.java:659)- No active profile set, falling back to default profiles: default
2018-04-23 15:55:42,954 INFO (StartupInfoLogger.java:59)- Started RoadApplication in 1.984 seconds (JVM running for 2.372)
2018-04-23 15:58:10,243 INFO (StartupInfoLogger.java:50)- Starting RoadApplication on DESKTOP-5ITJ2K7 with PID 3060 (started by jinqiang in C:\新建文件夹\road_lamp\road)
2018-04-23 15:58:10,246 DEBUG (StartupInfoLogger.java:53)- Running with Spring Boot v2.0.1.RELEASE, Spring v5.0.5.RELEASE
2018-04-23 15:58:10,247 INFO (SpringApplication.java:659)- No active profile set, falling back to default profiles: default
2018-04-23 15:58:11,928 INFO (StartupInfoLogger.java:59)- Started RoadApplication in 1.9 seconds (JVM running for 2.333)
2018-04-23 15:58:49,711 INFO (StartupInfoLogger.java:50)- Starting RoadApplication on DESKTOP-5ITJ2K7 with PID 10636 (started by jinqiang in C:\新建文件夹\road_lamp\road)
2018-04-23 15:58:49,714 DEBUG (StartupInfoLogger.java:53)- Running with Spring Boot v2.0.1.RELEASE, Spring v5.0.5.RELEASE
2018-04-23 15:58:49,715 INFO (SpringApplication.java:659)- No active profile set, falling back to default profiles: default
2018-04-23 15:58:51,409 INFO (StartupInfoLogger.java:59)- Started RoadApplication in 1.911 seconds (JVM running for 2.294)
2018-04-23 16:01:21,440 INFO (StartupInfoLogger.java:50)- Starting RoadApplication on DESKTOP-5ITJ2K7 with PID 8080 (started by jinqiang in C:\新建文件夹\road_lamp\road)
2018-04-23 16:01:21,443 DEBUG (StartupInfoLogger.java:53)- Running with Spring Boot v2.0.1.RELEASE, Spring v5.0.5.RELEASE
2018-04-23 16:01:21,444 INFO (SpringApplication.java:659)- No active profile set, falling back to default profiles: default
2018-04-23 16:01:23,185 INFO (StartupInfoLogger.java:59)- Started RoadApplication in 1.959 seconds (JVM running for 2.384)
2018-04-23 16:01:32,630 DEBUG (BaseJdbcLogger.java:159)- ==>  Preparing: SELECT loguser.id, loguser.logname, logname.pwd, loguser.code , user.name, user.phone, user.state, user.remark FROM loguser LEFT JOIN user ON loguser.code like user.code WHERE logname like ? 
2018-04-23 16:01:32,649 DEBUG (BaseJdbcLogger.java:159)- ==> Parameters: jin(String)
2018-04-23 16:02:29,972 INFO (StartupInfoLogger.java:50)- Starting RoadApplication on DESKTOP-5ITJ2K7 with PID 14356 (started by jinqiang in C:\新建文件夹\road_lamp\road)
2018-04-23 16:02:29,974 DEBUG (StartupInfoLogger.java:53)- Running with Spring Boot v2.0.1.RELEASE, Spring v5.0.5.RELEASE
2018-04-23 16:02:29,976 INFO (SpringApplication.java:659)- No active profile set, falling back to default profiles: default
2018-04-23 16:02:31,672 INFO (StartupInfoLogger.java:59)- Started RoadApplication in 1.916 seconds (JVM running for 2.308)
2018-04-23 16:02:36,133 DEBUG (BaseJdbcLogger.java:159)- ==>  Preparing: SELECT loguser.id, loguser.logname, loguser.pwd, loguser.code , user.name, user.phone, user.state, user.remark FROM loguser LEFT JOIN user ON loguser.code like user.code WHERE logname like ? 
2018-04-23 16:02:36,154 DEBUG (BaseJdbcLogger.java:159)- ==> Parameters: jin(String)
2018-04-23 16:03:50,866 DEBUG (BaseJdbcLogger.java:159)- ==>  Preparing: SELECT loguser.id, loguser.logname, loguser.pwd, loguser.code , user.name, user.phone, user.state, user.remark FROM loguser LEFT JOIN user ON loguser.code like user.code WHERE logname like ? 
2018-04-23 16:03:50,873 DEBUG (BaseJdbcLogger.java:159)- ==> Parameters: jin(String)
2018-04-23 16:03:50,899 DEBUG (BaseJdbcLogger.java:159)- <==      Total: 1
2018-04-23 16:03:57,427 DEBUG (BaseJdbcLogger.java:159)- ==>  Preparing: SELECT loguser.id, loguser.logname, loguser.pwd, loguser.code , user.name, user.phone, user.state, user.remark FROM loguser LEFT JOIN user ON loguser.code like user.code WHERE logname like ? 
2018-04-23 16:03:57,436 DEBUG (BaseJdbcLogger.java:159)- ==> Parameters: jin(String)
2018-04-23 16:03:57,438 DEBUG (BaseJdbcLogger.java:159)- <==      Total: 1
2018-04-23 16:04:43,728 DEBUG (BaseJdbcLogger.java:159)- ==>  Preparing: SELECT loguser.id, loguser.logname, loguser.pwd, loguser.code , user.name, user.phone, user.state, user.remark FROM loguser LEFT JOIN user ON loguser.code like user.code WHERE logname like ? 
2018-04-23 16:04:43,735 DEBUG (BaseJdbcLogger.java:159)- ==> Parameters: jin(String)
2018-04-23 16:04:43,746 DEBUG (BaseJdbcLogger.java:159)- <==      Total: 1
2018-04-23 16:05:48,838 DEBUG (BaseJdbcLogger.java:159)- ==>  Preparing: SELECT loguser.id, loguser.logname, loguser.pwd, loguser.code , user.name, user.phone, user.state, user.remark FROM loguser LEFT JOIN user ON loguser.code like user.code WHERE logname like ? 
2018-04-23 16:05:48,845 DEBUG (BaseJdbcLogger.java:159)- ==> Parameters: jin(String)
2018-04-23 16:05:48,847 DEBUG (BaseJdbcLogger.java:159)- <==      Total: 1
2018-04-23 16:06:50,955 DEBUG (BaseJdbcLogger.java:159)- ==>  Preparing: SELECT loguser.id, loguser.logname, loguser.pwd, loguser.code , user.name, user.phone, user.state, user.remark FROM loguser LEFT JOIN user ON loguser.code like user.code WHERE logname like ? 
2018-04-23 16:06:50,961 DEBUG (BaseJdbcLogger.java:159)- ==> Parameters: jin(String)
2018-04-23 16:06:50,971 DEBUG (BaseJdbcLogger.java:159)- <==      Total: 1
2018-04-23 16:07:16,258 DEBUG (BaseJdbcLogger.java:159)- ==>  Preparing: SELECT loguser.id, loguser.logname, loguser.pwd, loguser.code , user.name, user.phone, user.state, user.remark FROM loguser LEFT JOIN user ON loguser.code like user.code WHERE logname like ? 
2018-04-23 16:07:16,264 DEBUG (BaseJdbcLogger.java:159)- ==> Parameters: jin(String)
2018-04-23 16:07:16,265 DEBUG (BaseJdbcLogger.java:159)- <==      Total: 1
2018-04-23 16:07:57,574 DEBUG (BaseJdbcLogger.java:159)- ==>  Preparing: SELECT loguser.id, loguser.logname, loguser.pwd, loguser.code , user.name, user.phone, user.state, user.remark FROM loguser LEFT JOIN user ON loguser.code like user.code WHERE logname like ? 
2018-04-23 16:07:57,579 DEBUG (BaseJdbcLogger.java:159)- ==> Parameters: jin(String)
2018-04-23 16:07:57,588 DEBUG (BaseJdbcLogger.java:159)- <==      Total: 1
2018-04-23 16:09:57,744 DEBUG (BaseJdbcLogger.java:159)- ==>  Preparing: SELECT loguser.id, loguser.logname, loguser.pwd, loguser.code , user.name, user.phone, user.state, user.remark FROM loguser LEFT JOIN user ON loguser.code like user.code WHERE logname like ? 
2018-04-23 16:09:57,750 DEBUG (BaseJdbcLogger.java:159)- ==> Parameters: jin(String)
2018-04-23 16:09:57,751 DEBUG (BaseJdbcLogger.java:159)- <==      Total: 1
2018-04-23 16:10:58,219 DEBUG (BaseJdbcLogger.java:159)- ==>  Preparing: SELECT loguser.id, loguser.logname, loguser.pwd, loguser.code , user.name, user.phone, user.state, user.remark FROM loguser LEFT JOIN user ON loguser.code like user.code WHERE logname like ? 
2018-04-23 16:10:58,226 DEBUG (BaseJdbcLogger.java:159)- ==> Parameters: jin(String)
2018-04-23 16:10:58,231 DEBUG (BaseJdbcLogger.java:159)- <==      Total: 1
2018-04-23 16:12:03,488 DEBUG (BaseJdbcLogger.java:159)- ==>  Preparing: SELECT loguser.id, loguser.logname, loguser.pwd, loguser.code , user.name, user.phone, user.state, user.remark FROM loguser LEFT JOIN user ON loguser.code like user.code WHERE logname like ? 
2018-04-23 16:12:03,497 DEBUG (BaseJdbcLogger.java:159)- ==> Parameters: jin(String)
2018-04-23 16:12:03,500 DEBUG (BaseJdbcLogger.java:159)- <==      Total: 1
2018-04-23 16:14:44,397 DEBUG (BaseJdbcLogger.java:159)- ==>  Preparing: SELECT loguser.id, loguser.logname, loguser.pwd, loguser.code , user.name, user.phone, user.state, user.remark FROM loguser LEFT JOIN user ON loguser.code like user.code WHERE logname like ? 
2018-04-23 16:14:44,404 DEBUG (BaseJdbcLogger.java:159)- ==> Parameters: jin(String)
2018-04-23 16:14:44,410 DEBUG (BaseJdbcLogger.java:159)- <==      Total: 1
2018-04-23 16:16:08,497 DEBUG (BaseJdbcLogger.java:159)- ==>  Preparing: SELECT loguser.id, loguser.logname, loguser.pwd, loguser.code , user.name, user.phone, user.state, user.remark FROM loguser LEFT JOIN user ON loguser.code like user.code WHERE logname like ? 
2018-04-23 16:16:08,501 DEBUG (BaseJdbcLogger.java:159)- ==> Parameters: jin(String)
2018-04-23 16:16:08,502 DEBUG (BaseJdbcLogger.java:159)- <==      Total: 1
2018-04-23 16:17:02,617 DEBUG (BaseJdbcLogger.java:159)- ==>  Preparing: SELECT loguser.id, loguser.logname, loguser.pwd, loguser.code , user.name, user.phone, user.state, user.remark FROM loguser LEFT JOIN user ON loguser.code like user.code WHERE logname like ? 
2018-04-23 16:17:02,621 DEBUG (BaseJdbcLogger.java:159)- ==> Parameters: jin(String)
2018-04-23 16:17:02,627 DEBUG (BaseJdbcLogger.java:159)- <==      Total: 1
2018-04-23 16:19:14,393 DEBUG (BaseJdbcLogger.java:159)- ==>  Preparing: SELECT loguser.id, loguser.logname, loguser.pwd, loguser.code , user.name, user.phone, user.state, user.remark FROM loguser LEFT JOIN user ON loguser.code like user.code WHERE logname like ? 
2018-04-23 16:19:14,397 DEBUG (BaseJdbcLogger.java:159)- ==> Parameters: jin(String)
2018-04-23 16:19:14,398 DEBUG (BaseJdbcLogger.java:159)- <==      Total: 1
2018-04-23 16:32:18,858 INFO (StartupInfoLogger.java:50)- Starting RoadApplication on DESKTOP-5ITJ2K7 with PID 5380 (started by jinqiang in C:\新建文件夹\road_lamp\road)
2018-04-23 16:32:18,861 DEBUG (StartupInfoLogger.java:53)- Running with Spring Boot v2.0.1.RELEASE, Spring v5.0.5.RELEASE
2018-04-23 16:32:18,862 INFO (SpringApplication.java:659)- No active profile set, falling back to default profiles: default
2018-04-23 16:32:20,546 INFO (StartupInfoLogger.java:59)- Started RoadApplication in 1.929 seconds (JVM running for 2.307)
2018-04-23 16:35:02,682 DEBUG (BaseJdbcLogger.java:159)- ==>  Preparing: SELECT loguser.id, loguser.logname, loguser.pwd, loguser.code , user.name, user.phone, user.state, user.remark FROM loguser LEFT JOIN user ON loguser.code like user.code WHERE logname like ? 
2018-04-23 16:35:02,696 DEBUG (BaseJdbcLogger.java:159)- ==> Parameters: jin(String)
2018-04-23 16:35:02,712 DEBUG (BaseJdbcLogger.java:159)- <==      Total: 1
2018-04-23 16:36:20,804 DEBUG (BaseJdbcLogger.java:159)- ==>  Preparing: SELECT * FROM USER WHERE POSITION LIKE ? 
2018-04-23 16:36:20,812 DEBUG (BaseJdbcLogger.java:159)- ==> Parameters: 管理人员(String)
2018-04-23 16:36:20,814 DEBUG (BaseJdbcLogger.java:159)- <==      Total: 1
2018-04-23 16:36:36,369 DEBUG (BaseJdbcLogger.java:159)- ==>  Preparing: SELECT loguser.id, loguser.logname, loguser.pwd, loguser.code , user.name, user.phone, user.state, user.remark FROM loguser LEFT JOIN user ON loguser.code like user.code WHERE logname like ? 
2018-04-23 16:36:36,376 DEBUG (BaseJdbcLogger.java:159)- ==> Parameters: jin(String)
2018-04-23 16:36:36,383 DEBUG (BaseJdbcLogger.java:159)- <==      Total: 1
2018-04-23 16:36:41,943 DEBUG (BaseJdbcLogger.java:159)- ==>  Preparing: SELECT * FROM USER WHERE POSITION LIKE ? 
2018-04-23 16:36:41,949 DEBUG (BaseJdbcLogger.java:159)- ==> Parameters: 管理人员(String)
2018-04-23 16:36:41,950 DEBUG (BaseJdbcLogger.java:159)- <==      Total: 1
2018-04-23 16:37:02,467 DEBUG (BaseJdbcLogger.java:159)- ==>  Preparing: SELECT * FROM USER WHERE POSITION LIKE ? 
2018-04-23 16:37:02,473 DEBUG (BaseJdbcLogger.java:159)- ==> Parameters: 维修工(String)
2018-04-23 16:37:02,479 DEBUG (BaseJdbcLogger.java:159)- <==      Total: 2
2018-04-23 16:37:02,482 ERROR (GlobalExceptionHandler.java:21)- nested exception is org.apache.ibatis.exceptions.TooManyResultsException: Expected one result (or null) to be returned by selectOne(), but found: 2
2018-04-23 16:37:35,195 DEBUG (BaseJdbcLogger.java:159)- ==>  Preparing: SELECT * FROM USER WHERE POSITION LIKE ? 
2018-04-23 16:37:35,207 DEBUG (BaseJdbcLogger.java:159)- ==> Parameters: 维修工(String)
2018-04-23 16:37:35,217 DEBUG (BaseJdbcLogger.java:159)- <==      Total: 2
2018-04-23 16:37:35,219 ERROR (GlobalExceptionHandler.java:21)- nested exception is org.apache.ibatis.exceptions.TooManyResultsException: Expected one result (or null) to be returned by selectOne(), but found: 2
2018-04-23 16:37:54,351 DEBUG (BaseJdbcLogger.java:159)- ==>  Preparing: SELECT loguser.id, loguser.logname, loguser.pwd, loguser.code , user.name, user.phone, user.state, user.remark FROM loguser LEFT JOIN user ON loguser.code like user.code WHERE logname like ? 
2018-04-23 16:37:54,356 DEBUG (BaseJdbcLogger.java:159)- ==> Parameters: jin(String)
2018-04-23 16:37:54,364 DEBUG (BaseJdbcLogger.java:159)- <==      Total: 1
2018-04-23 16:37:59,960 DEBUG (BaseJdbcLogger.java:159)- ==>  Preparing: SELECT * FROM USER WHERE POSITION LIKE ? 
2018-04-23 16:37:59,967 DEBUG (BaseJdbcLogger.java:159)- ==> Parameters: 管理人员(String)
2018-04-23 16:37:59,968 DEBUG (BaseJdbcLogger.java:159)- <==      Total: 1
2018-04-23 16:39:39,528 DEBUG (BaseJdbcLogger.java:159)- ==>  Preparing: SELECT * FROM USER WHERE POSITION LIKE ? 
2018-04-23 16:39:39,537 DEBUG (BaseJdbcLogger.java:159)- ==> Parameters: 管理人员(String)
2018-04-23 16:39:39,548 DEBUG (BaseJdbcLogger.java:159)- <==      Total: 1
2018-04-23 16:39:46,788 DEBUG (BaseJdbcLogger.java:159)- ==>  Preparing: SELECT loguser.id, loguser.logname, loguser.pwd, loguser.code , user.name, user.phone, user.state, user.remark FROM loguser LEFT JOIN user ON loguser.code like user.code WHERE logname like ? 
2018-04-23 16:39:46,795 DEBUG (BaseJdbcLogger.java:159)- ==> Parameters: jin(String)
2018-04-23 16:39:46,796 DEBUG (BaseJdbcLogger.java:159)- <==      Total: 1
2018-04-23 16:39:51,636 DEBUG (BaseJdbcLogger.java:159)- ==>  Preparing: SELECT * FROM USER WHERE POSITION LIKE ? 
2018-04-23 16:39:51,642 DEBUG (BaseJdbcLogger.java:159)- ==> Parameters: 管理人员(String)
2018-04-23 16:39:51,649 DEBUG (BaseJdbcLogger.java:159)- <==      Total: 1
2018-04-23 16:41:15,540 INFO (StartupInfoLogger.java:50)- Starting RoadApplication on DESKTOP-5ITJ2K7 with PID 12716 (started by jinqiang in C:\新建文件夹\road_lamp\road)
2018-04-23 16:41:15,542 DEBUG (StartupInfoLogger.java:53)- Running with Spring Boot v2.0.1.RELEASE, Spring v5.0.5.RELEASE
2018-04-23 16:41:15,543 INFO (SpringApplication.java:659)- No active profile set, falling back to default profiles: default
2018-04-23 16:41:17,063 INFO (StartupInfoLogger.java:59)- Started RoadApplication in 1.717 seconds (JVM running for 2.064)
2018-04-23 16:41:24,047 DEBUG (BaseJdbcLogger.java:159)- ==>  Preparing: SELECT * FROM USER WHERE POSITION LIKE ? 
2018-04-23 16:41:24,061 DEBUG (BaseJdbcLogger.java:159)- ==> Parameters: 管理人员(String)
2018-04-23 16:41:24,081 DEBUG (BaseJdbcLogger.java:159)- <==      Total: 1
2018-04-23 16:41:38,443 DEBUG (BaseJdbcLogger.java:159)- ==>  Preparing: SELECT loguser.id, loguser.logname, loguser.pwd, loguser.code , user.name, user.phone, user.state, user.remark FROM loguser LEFT JOIN user ON loguser.code like user.code WHERE logname like ? 
2018-04-23 16:41:38,451 DEBUG (BaseJdbcLogger.java:159)- ==> Parameters: jin(String)
2018-04-23 16:41:38,453 DEBUG (BaseJdbcLogger.java:159)- <==      Total: 1
2018-04-23 16:41:42,843 DEBUG (BaseJdbcLogger.java:159)- ==>  Preparing: SELECT * FROM USER WHERE POSITION LIKE ? 
2018-04-23 16:41:42,851 DEBUG (BaseJdbcLogger.java:159)- ==> Parameters: 管理人员(String)
2018-04-23 16:41:42,858 DEBUG (BaseJdbcLogger.java:159)- <==      Total: 1
2018-04-23 16:43:06,352 DEBUG (BaseJdbcLogger.java:159)- ==>  Preparing: SELECT * FROM USER WHERE POSITION LIKE ? 
2018-04-23 16:43:06,363 DEBUG (BaseJdbcLogger.java:159)- ==> Parameters: 管理人员(String)
2018-04-23 16:43:06,367 DEBUG (BaseJdbcLogger.java:159)- <==      Total: 1
2018-04-23 16:43:12,630 DEBUG (BaseJdbcLogger.java:159)- ==>  Preparing: SELECT loguser.id, loguser.logname, loguser.pwd, loguser.code , user.name, user.phone, user.state, user.remark FROM loguser LEFT JOIN user ON loguser.code like user.code WHERE logname like ? 
2018-04-23 16:43:12,636 DEBUG (BaseJdbcLogger.java:159)- ==> Parameters: jin(String)
2018-04-23 16:43:12,641 DEBUG (BaseJdbcLogger.java:159)- <==      Total: 1
2018-04-23 16:43:15,506 DEBUG (BaseJdbcLogger.java:159)- ==>  Preparing: SELECT * FROM USER WHERE POSITION LIKE ? 
2018-04-23 16:43:15,511 DEBUG (BaseJdbcLogger.java:159)- ==> Parameters: 管理人员(String)
2018-04-23 16:43:15,513 DEBUG (BaseJdbcLogger.java:159)- <==      Total: 1
2018-04-23 16:43:47,768 DEBUG (BaseJdbcLogger.java:159)- ==>  Preparing: SELECT * FROM USER WHERE POSITION LIKE ? 
2018-04-23 16:43:47,773 DEBUG (BaseJdbcLogger.java:159)- ==> Parameters: 管理人员(String)
2018-04-23 16:43:47,785 DEBUG (BaseJdbcLogger.java:159)- <==      Total: 1
2018-04-23 16:44:35,845 DEBUG (BaseJdbcLogger.java:159)- ==>  Preparing: SELECT loguser.id, loguser.logname, loguser.pwd, loguser.code , user.name, user.phone, user.state, user.remark FROM loguser LEFT JOIN user ON loguser.code like user.code WHERE logname like ? 
2018-04-23 16:44:35,849 DEBUG (BaseJdbcLogger.java:159)- ==> Parameters: jin(String)
2018-04-23 16:44:35,851 DEBUG (BaseJdbcLogger.java:159)- <==      Total: 1
2018-04-23 16:44:39,301 DEBUG (BaseJdbcLogger.java:159)- ==>  Preparing: SELECT * FROM USER WHERE POSITION LIKE ? 
2018-04-23 16:44:39,308 DEBUG (BaseJdbcLogger.java:159)- ==> Parameters: 管理人员(String)
2018-04-23 16:44:39,315 DEBUG (BaseJdbcLogger.java:159)- <==      Total: 1
2018-04-23 16:44:46,200 DEBUG (BaseJdbcLogger.java:159)- ==>  Preparing: SELECT loguser.id, loguser.logname, loguser.pwd, loguser.code , user.name, user.phone, user.state, user.remark FROM loguser LEFT JOIN user ON loguser.code like user.code WHERE logname like ? 
2018-04-23 16:44:46,205 DEBUG (BaseJdbcLogger.java:159)- ==> Parameters: jin(String)
2018-04-23 16:44:46,207 DEBUG (BaseJdbcLogger.java:159)- <==      Total: 1
2018-04-23 16:45:46,363 DEBUG (BaseJdbcLogger.java:159)- ==>  Preparing: SELECT * FROM USER WHERE POSITION LIKE ? 
2018-04-23 16:45:46,372 DEBUG (BaseJdbcLogger.java:159)- ==> Parameters: 维修工(String)
2018-04-23 16:45:46,383 DEBUG (BaseJdbcLogger.java:159)- <==      Total: 2
2018-04-23 16:45:46,393 ERROR (GlobalExceptionHandler.java:21)- nested exception is org.apache.ibatis.exceptions.TooManyResultsException: Expected one result (or null) to be returned by selectOne(), but found: 2
2018-04-23 16:45:52,905 DEBUG (BaseJdbcLogger.java:159)- ==>  Preparing: SELECT loguser.id, loguser.logname, loguser.pwd, loguser.code , user.name, user.phone, user.state, user.remark FROM loguser LEFT JOIN user ON loguser.code like user.code WHERE logname like ? 
2018-04-23 16:45:52,910 DEBUG (BaseJdbcLogger.java:159)- ==> Parameters: jin(String)
2018-04-23 16:45:52,914 DEBUG (BaseJdbcLogger.java:159)- <==      Total: 1
2018-04-23 16:45:57,555 DEBUG (BaseJdbcLogger.java:159)- ==>  Preparing: SELECT * FROM USER WHERE POSITION LIKE ? 
2018-04-23 16:45:57,561 DEBUG (BaseJdbcLogger.java:159)- ==> Parameters: 管理人员(String)
2018-04-23 16:45:57,564 DEBUG (BaseJdbcLogger.java:159)- <==      Total: 1
2018-04-23 16:46:42,124 DEBUG (BaseJdbcLogger.java:159)- ==>  Preparing: SELECT * FROM USER WHERE POSITION LIKE ? 
2018-04-23 16:46:42,134 DEBUG (BaseJdbcLogger.java:159)- ==> Parameters: 管理人员(String)
2018-04-23 16:46:42,145 DEBUG (BaseJdbcLogger.java:159)- <==      Total: 1
2018-04-23 16:46:47,675 DEBUG (BaseJdbcLogger.java:159)- ==>  Preparing: SELECT loguser.id, loguser.logname, loguser.pwd, loguser.code , user.name, user.phone, user.state, user.remark FROM loguser LEFT JOIN user ON loguser.code like user.code WHERE logname like ? 
2018-04-23 16:46:47,681 DEBUG (BaseJdbcLogger.java:159)- ==> Parameters: jin(String)
2018-04-23 16:46:47,683 DEBUG (BaseJdbcLogger.java:159)- <==      Total: 1
2018-04-23 16:46:51,115 DEBUG (BaseJdbcLogger.java:159)- ==>  Preparing: SELECT * FROM USER WHERE POSITION LIKE ? 
2018-04-23 16:46:51,122 DEBUG (BaseJdbcLogger.java:159)- ==> Parameters: 管理人员(String)
2018-04-23 16:46:51,128 DEBUG (BaseJdbcLogger.java:159)- <==      Total: 1
2018-04-23 16:46:59,603 DEBUG (BaseJdbcLogger.java:159)- ==>  Preparing: SELECT loguser.id, loguser.logname, loguser.pwd, loguser.code , user.name, user.phone, user.state, user.remark FROM loguser LEFT JOIN user ON loguser.code like user.code WHERE logname like ? 
2018-04-23 16:46:59,609 DEBUG (BaseJdbcLogger.java:159)- ==> Parameters: jin(String)
2018-04-23 16:46:59,611 DEBUG (BaseJdbcLogger.java:159)- <==      Total: 1
2018-04-23 16:47:02,116 DEBUG (BaseJdbcLogger.java:159)- ==>  Preparing: SELECT * FROM USER WHERE POSITION LIKE ? 
2018-04-23 16:47:02,124 DEBUG (BaseJdbcLogger.java:159)- ==> Parameters: 维修工(String)
2018-04-23 16:47:02,130 DEBUG (BaseJdbcLogger.java:159)- <==      Total: 2
2018-04-23 16:47:02,131 ERROR (GlobalExceptionHandler.java:21)- nested exception is org.apache.ibatis.exceptions.TooManyResultsException: Expected one result (or null) to be returned by selectOne(), but found: 2
2018-04-23 16:48:29,815 DEBUG (BaseJdbcLogger.java:159)- ==>  Preparing: SELECT * FROM USER WHERE POSITION LIKE ? 
2018-04-23 16:48:29,823 DEBUG (BaseJdbcLogger.java:159)- ==> Parameters: 管理人员(String)
2018-04-23 16:48:29,828 DEBUG (BaseJdbcLogger.java:159)- <==      Total: 1
2018-04-23 16:49:09,354 DEBUG (BaseJdbcLogger.java:159)- ==>  Preparing: SELECT * FROM USER WHERE POSITION LIKE ? 
2018-04-23 16:49:09,366 DEBUG (BaseJdbcLogger.java:159)- ==> Parameters: 管理人员(String)
2018-04-23 16:49:09,368 DEBUG (BaseJdbcLogger.java:159)- <==      Total: 1
2018-04-23 16:50:46,287 DEBUG (BaseJdbcLogger.java:159)- ==>  Preparing: SELECT loguser.id, loguser.logname, loguser.pwd, loguser.code , user.name, user.phone, user.state, user.remark FROM loguser LEFT JOIN user ON loguser.code like user.code WHERE logname like ? 
2018-04-23 16:50:46,292 DEBUG (BaseJdbcLogger.java:159)- ==> Parameters: jin(String)
2018-04-23 16:50:46,298 DEBUG (BaseJdbcLogger.java:159)- <==      Total: 1
2018-04-23 16:50:51,313 DEBUG (BaseJdbcLogger.java:159)- ==>  Preparing: SELECT * FROM USER WHERE POSITION LIKE ? 
2018-04-23 16:50:51,317 DEBUG (BaseJdbcLogger.java:159)- ==> Parameters: 管理人员(String)
2018-04-23 16:50:51,319 DEBUG (BaseJdbcLogger.java:159)- <==      Total: 1
2018-04-23 16:51:37,491 DEBUG (BaseJdbcLogger.java:159)- ==>  Preparing: SELECT loguser.id, loguser.logname, loguser.pwd, loguser.code , user.name, user.phone, user.state, user.remark FROM loguser LEFT JOIN user ON loguser.code like user.code WHERE logname like ? 
2018-04-23 16:51:37,495 DEBUG (BaseJdbcLogger.java:159)- ==> Parameters: jin(String)
2018-04-23 16:51:37,499 DEBUG (BaseJdbcLogger.java:159)- <==      Total: 1
2018-04-23 16:51:40,407 DEBUG (BaseJdbcLogger.java:159)- ==>  Preparing: SELECT * FROM USER WHERE POSITION LIKE ? 
2018-04-23 16:51:40,411 DEBUG (BaseJdbcLogger.java:159)- ==> Parameters: 维修工(String)
2018-04-23 16:51:40,412 DEBUG (BaseJdbcLogger.java:159)- <==      Total: 2
2018-04-23 16:51:40,416 ERROR (GlobalExceptionHandler.java:21)- nested exception is org.apache.ibatis.exceptions.TooManyResultsException: Expected one result (or null) to be returned by selectOne(), but found: 2
2018-04-23 16:52:30,928 DEBUG (BaseJdbcLogger.java:159)- ==>  Preparing: SELECT * FROM USER WHERE POSITION LIKE ? 
2018-04-23 16:52:30,933 DEBUG (BaseJdbcLogger.java:159)- ==> Parameters: 维修工(String)
2018-04-23 16:52:30,935 DEBUG (BaseJdbcLogger.java:159)- <==      Total: 2
2018-04-23 16:52:30,935 ERROR (GlobalExceptionHandler.java:21)- nested exception is org.apache.ibatis.exceptions.TooManyResultsException: Expected one result (or null) to be returned by selectOne(), but found: 2
2018-04-23 16:52:36,217 DEBUG (BaseJdbcLogger.java:159)- ==>  Preparing: SELECT loguser.id, loguser.logname, loguser.pwd, loguser.code , user.name, user.phone, user.state, user.remark FROM loguser LEFT JOIN user ON loguser.code like user.code WHERE logname like ? 
2018-04-23 16:52:36,221 DEBUG (BaseJdbcLogger.java:159)- ==> Parameters: jin(String)
2018-04-23 16:52:36,222 DEBUG (BaseJdbcLogger.java:159)- <==      Total: 1
2018-04-23 16:52:45,342 DEBUG (BaseJdbcLogger.java:159)- ==>  Preparing: SELECT * FROM USER WHERE POSITION LIKE ? 
2018-04-23 16:52:45,346 DEBUG (BaseJdbcLogger.java:159)- ==> Parameters: 维修工(String)
2018-04-23 16:52:45,350 DEBUG (BaseJdbcLogger.java:159)- <==      Total: 2
2018-04-23 16:52:45,350 ERROR (GlobalExceptionHandler.java:21)- nested exception is org.apache.ibatis.exceptions.TooManyResultsException: Expected one result (or null) to be returned by selectOne(), but found: 2
2018-04-23 16:54:46,712 INFO (StartupInfoLogger.java:50)- Starting RoadApplication on DESKTOP-5ITJ2K7 with PID 16332 (started by jinqiang in C:\新建文件夹\road_lamp\road)
2018-04-23 16:54:46,715 DEBUG (StartupInfoLogger.java:53)- Running with Spring Boot v2.0.1.RELEASE, Spring v5.0.5.RELEASE
2018-04-23 16:54:46,715 INFO (SpringApplication.java:659)- No active profile set, falling back to default profiles: default
2018-04-23 16:54:48,147 INFO (StartupInfoLogger.java:59)- Started RoadApplication in 1.626 seconds (JVM running for 1.968)
2018-04-23 16:54:56,675 DEBUG (BaseJdbcLogger.java:159)- ==>  Preparing: SELECT loguser.id, loguser.logname, loguser.pwd, loguser.code , user.name, user.phone, user.state, user.remark FROM loguser LEFT JOIN user ON loguser.code like user.code WHERE logname like ? 
2018-04-23 16:54:56,689 DEBUG (BaseJdbcLogger.java:159)- ==> Parameters: jin(String)
2018-04-23 16:54:56,702 DEBUG (BaseJdbcLogger.java:159)- <==      Total: 1
2018-04-23 16:54:59,802 DEBUG (BaseJdbcLogger.java:159)- ==>  Preparing: SELECT * FROM USER WHERE POSITION LIKE ? 
2018-04-23 16:54:59,807 DEBUG (BaseJdbcLogger.java:159)- ==> Parameters: 管理人员(String)
2018-04-23 16:54:59,809 DEBUG (BaseJdbcLogger.java:159)- <==      Total: 1
2018-04-23 16:55:08,840 DEBUG (BaseJdbcLogger.java:159)- ==>  Preparing: SELECT * FROM USER WHERE POSITION LIKE ? 
2018-04-23 16:55:08,844 DEBUG (BaseJdbcLogger.java:159)- ==> Parameters: 维修工(String)
2018-04-23 16:55:08,849 DEBUG (BaseJdbcLogger.java:159)- <==      Total: 2
2018-04-23 16:55:32,898 DEBUG (BaseJdbcLogger.java:159)- ==>  Preparing: SELECT * FROM USER WHERE POSITION LIKE ? 
2018-04-23 16:55:32,902 DEBUG (BaseJdbcLogger.java:159)- ==> Parameters: 管理人员(String)
2018-04-23 16:55:32,903 DEBUG (BaseJdbcLogger.java:159)- <==      Total: 1
2018-04-23 17:02:41,003 DEBUG (BaseJdbcLogger.java:159)- ==>  Preparing: SELECT * FROM USER WHERE POSITION LIKE ? 
2018-04-23 17:02:41,009 DEBUG (BaseJdbcLogger.java:159)- ==> Parameters: 管理人员(String)
2018-04-23 17:02:41,014 DEBUG (BaseJdbcLogger.java:159)- <==      Total: 1
2018-04-23 17:02:43,769 DEBUG (BaseJdbcLogger.java:159)- ==>  Preparing: SELECT loguser.id, loguser.logname, loguser.pwd, loguser.code , user.name, user.phone, user.state, user.remark FROM loguser LEFT JOIN user ON loguser.code like user.code WHERE logname like ? 
2018-04-23 17:02:43,774 DEBUG (BaseJdbcLogger.java:159)- ==> Parameters: jin(String)
2018-04-23 17:02:43,775 DEBUG (BaseJdbcLogger.java:159)- <==      Total: 1
2018-04-23 17:02:54,750 DEBUG (BaseJdbcLogger.java:159)- ==>  Preparing: SELECT * FROM PROSERVER 
2018-04-23 17:02:54,755 DEBUG (BaseJdbcLogger.java:159)- ==> Parameters: 
2018-04-23 17:02:54,767 DEBUG (BaseJdbcLogger.java:159)- <==      Total: 1
2018-04-23 17:03:25,122 DEBUG (BaseJdbcLogger.java:159)- ==>  Preparing: SELECT * FROM PROSERVER 
2018-04-23 17:03:25,133 DEBUG (BaseJdbcLogger.java:159)- ==> Parameters: 
2018-04-23 17:03:25,135 DEBUG (BaseJdbcLogger.java:159)- <==      Total: 1
2018-04-23 17:07:46,422 DEBUG (BaseJdbcLogger.java:159)- ==>  Preparing: SELECT loguser.id, loguser.logname, loguser.pwd, loguser.code , user.name, user.phone, user.state, user.remark FROM loguser LEFT JOIN user ON loguser.code like user.code WHERE logname like ? 
2018-04-23 17:07:46,427 DEBUG (BaseJdbcLogger.java:159)- ==> Parameters: jin(String)
2018-04-23 17:07:46,431 DEBUG (BaseJdbcLogger.java:159)- <==      Total: 1
2018-04-23 17:07:50,477 DEBUG (BaseJdbcLogger.java:159)- ==>  Preparing: SELECT * FROM USER WHERE POSITION LIKE ? 
2018-04-23 17:07:50,481 DEBUG (BaseJdbcLogger.java:159)- ==> Parameters: 管理人员(String)
2018-04-23 17:07:50,483 DEBUG (BaseJdbcLogger.java:159)- <==      Total: 1
2018-04-23 17:08:01,796 DEBUG (BaseJdbcLogger.java:159)- ==>  Preparing: SELECT * FROM USER WHERE POSITION LIKE ? 
2018-04-23 17:08:01,801 DEBUG (BaseJdbcLogger.java:159)- ==> Parameters: 维修工(String)
2018-04-23 17:08:01,805 DEBUG (BaseJdbcLogger.java:159)- <==      Total: 2
2018-04-23 17:08:33,914 DEBUG (BaseJdbcLogger.java:159)- ==>  Preparing: SELECT * FROM PROSERVER 
2018-04-23 17:08:33,919 DEBUG (BaseJdbcLogger.java:159)- ==> Parameters: 
2018-04-23 17:08:33,920 DEBUG (BaseJdbcLogger.java:159)- <==      Total: 1
2018-04-23 17:09:36,881 DEBUG (BaseJdbcLogger.java:159)- ==>  Preparing: SELECT * FROM USER WHERE POSITION LIKE ? 
2018-04-23 17:09:36,886 DEBUG (BaseJdbcLogger.java:159)- ==> Parameters: 管理人员(String)
2018-04-23 17:09:36,891 DEBUG (BaseJdbcLogger.java:159)- <==      Total: 1
2018-04-23 17:11:31,000 INFO (StartupInfoLogger.java:50)- Starting RoadApplication on DESKTOP-5ITJ2K7 with PID 10184 (started by jinqiang in C:\新建文件夹\road_lamp\road)
2018-04-23 17:11:31,003 DEBUG (StartupInfoLogger.java:53)- Running with Spring Boot v2.0.1.RELEASE, Spring v5.0.5.RELEASE
2018-04-23 17:11:31,003 INFO (SpringApplication.java:659)- No active profile set, falling back to default profiles: default
2018-04-23 17:11:32,455 INFO (StartupInfoLogger.java:59)- Started RoadApplication in 1.648 seconds (JVM running for 1.999)
2018-04-23 17:11:41,360 DEBUG (BaseJdbcLogger.java:159)- ==>  Preparing: SELECT loguser.id, loguser.logname, loguser.pwd, loguser.code , user.name, user.phone, user.state, user.remark FROM loguser LEFT JOIN user ON loguser.code like user.code WHERE logname like ? 
2018-04-23 17:11:41,374 DEBUG (BaseJdbcLogger.java:159)- ==> Parameters: jin(String)
2018-04-23 17:11:41,388 DEBUG (BaseJdbcLogger.java:159)- <==      Total: 1
2018-04-23 17:11:49,332 DEBUG (BaseJdbcLogger.java:159)- ==>  Preparing: SELECT * FROM USER WHERE POSITION LIKE ? 
2018-04-23 17:11:49,337 DEBUG (BaseJdbcLogger.java:159)- ==> Parameters: 管理人员(String)
2018-04-23 17:11:49,340 DEBUG (BaseJdbcLogger.java:159)- <==      Total: 1
2018-04-23 17:11:56,055 DEBUG (BaseJdbcLogger.java:159)- ==>  Preparing: SELECT * FROM USER WHERE POSITION LIKE ? 
2018-04-23 17:11:56,063 DEBUG (BaseJdbcLogger.java:159)- ==> Parameters: 维修工(String)
2018-04-23 17:11:56,067 DEBUG (BaseJdbcLogger.java:159)- <==      Total: 2
2018-04-23 17:12:02,738 DEBUG (BaseJdbcLogger.java:159)- ==>  Preparing: SELECT * FROM PROSERVER 
2018-04-23 17:12:02,744 DEBUG (BaseJdbcLogger.java:159)- ==> Parameters: 
2018-04-23 17:12:02,745 DEBUG (BaseJdbcLogger.java:159)- <==      Total: 1
2018-04-23 17:12:07,516 DEBUG (BaseJdbcLogger.java:159)- ==>  Preparing: SELECT * FROM USER WHERE POSITION LIKE ? 
2018-04-23 17:12:07,520 DEBUG (BaseJdbcLogger.java:159)- ==> Parameters: 维修工(String)
2018-04-23 17:12:07,525 DEBUG (BaseJdbcLogger.java:159)- <==      Total: 2
